[debug] [2022-01-09T19:23:43.865Z] ----------------------------------------------------------------------
[debug] [2022-01-09T19:23:43.867Z] Command:       C:\Program Files\nodejs\node.exe C:\Users\shipon\AppData\Roaming\npm\node_modules\firebase-tools\lib\bin\firebase.js init
[debug] [2022-01-09T19:23:43.867Z] CLI Version:   10.0.1
[debug] [2022-01-09T19:23:43.868Z] Platform:      win32
[debug] [2022-01-09T19:23:43.868Z] Node Version:  v16.13.0
[debug] [2022-01-09T19:23:43.870Z] Time:          Mon Jan 10 2022 01:23:43 GMT+0600 (Bangladesh Standard Time)
[debug] [2022-01-09T19:23:43.871Z] ----------------------------------------------------------------------
[debug] 
[debug] [2022-01-09T19:23:43.941Z] > command requires scopes: ["email","openid","https://www.googleapis.com/auth/cloudplatformprojects.readonly","https://www.googleapis.com/auth/firebase","https://www.googleapis.com/auth/cloud-platform"]
[debug] [2022-01-09T19:23:43.941Z] > authorizing via signed-in user (nxshipon@gmail.com)
[info] 
     ######## #### ########  ######## ########     ###     ######  ########
     ##        ##  ##     ## ##       ##     ##  ##   ##  ##       ##
     ######    ##  ########  ######   ########  #########  ######  ######
     ##        ##  ##    ##  ##       ##     ## ##     ##       ## ##
     ##       #### ##     ## ######## ########  ##     ##  ######  ########

You're about to initialize a Firebase project in this directory:

  E:\sshipon\travel-tour-client

Before we get started, keep in mind:

  * You are initializing within an existing Firebase project directory

[info] 
=== Project Setup
[info] 
[info] First, let's associate this project directory with a Firebase project.
[info] You can create multiple project aliases by running firebase use --add, 
[info] but for now we'll just set up a default project.
[info] 
[debug] [2022-01-09T19:23:58.653Z] Using project from CLI flag: traveltour-41f35
[debug] [2022-01-09T19:23:58.659Z] >>> [apiv2][query] GET https://firebase.googleapis.com/v1beta1/projects/traveltour-41f35 [none]
[debug] [2022-01-09T19:23:59.272Z] <<< [apiv2][status] GET https://firebase.googleapis.com/v1beta1/projects/traveltour-41f35 200
[debug] [2022-01-09T19:23:59.272Z] <<< [apiv2][body] GET https://firebase.googleapis.com/v1beta1/projects/traveltour-41f35 {"projectId":"traveltour-41f35","projectNumber":"547347033941","displayName":"TravelTour","name":"projects/traveltour-41f35","resources":{"hostingSite":"traveltour-41f35"},"state":"ACTIVE"}
[info] i  Using project traveltour-41f35 (TravelTour) 
[info] 
=== Hosting Setup
[info] 
[info] Your public directory is the folder (relative to your project directory) that
[info] will contain Hosting assets to be uploaded with firebase deploy. If you
[info] have a build process for your assets, use your build's output directory.
[info] 
[debug] [2022-01-09T19:24:22.551Z] >>> [apiv2][query] GET https://www.gstatic.com/firebasejs/releases.json [none]
[debug] [2022-01-09T19:24:22.820Z] <<< [apiv2][status] GET https://www.gstatic.com/firebasejs/releases.json 200
[debug] [2022-01-09T19:24:22.820Z] <<< [apiv2][body] GET https://www.gstatic.com/firebasejs/releases.json {"current":{"version":"9.6.2","browserURL":"https://www.gstatic.com/firebasejs/9.6.2/firebase.js","packageURL":"https://www.gstatic.com/firebasejs/9.6.2/firebase.tgz"},"live":{"version":"9.6","browserURL":"https://www.gstatic.com/firebasejs/live/9.6/firebase.js","packageURL":"https://www.gstatic.com/firebasejs/live/9.6/firebase.tgz"},"components":{"analytics":"https://www.gstatic.com/firebasejs/9.6.2/firebase-analytics.js","app":"https://www.gstatic.com/firebasejs/9.6.2/firebase-app.js","app-check":"https://www.gstatic.com/firebasejs/9.6.2/firebase-app-check.js","auth":"https://www.gstatic.com/firebasejs/9.6.2/firebase-auth.js","auth/cordova":"https://www.gstatic.com/firebasejs/9.6.2/firebase-auth/cordova.js","auth/react-native":"https://www.gstatic.com/firebasejs/9.6.2/firebase-auth/react-native.js","functions":"https://www.gstatic.com/firebasejs/9.6.2/firebase-functions.js","firestore":"https://www.gstatic.com/firebasejs/9.6.2/firebase-firestore.js","firestore/lite":"https://www.gstatic.com/firebasejs/9.6.2/firebase-firestore/lite.js","storage":"https://www.gstatic.com/firebasejs/9.6.2/firebase-storage.js","performance":"https://www.gstatic.com/firebasejs/9.6.2/firebase-performance.js","remote-config":"https://www.gstatic.com/firebasejs/9.6.2/firebase-remote-config.js","messaging":"https://www.gstatic.com/firebasejs/9.6.2/firebase-messaging.js","messaging/sw":"https://www.gstatic.com/firebasejs/9.6.2/firebase-messaging/sw.js","database":"https://www.gstatic.com/firebasejs/9.6.2/firebase-database.js","firestore.memory":"https://www.gstatic.com/firebasejs/9.6.2/firebase-firestore.memory.js"}}
[info] i  Skipping write of build/index.html 
[info] 
[info] i  Didn't detect a .git folder. Assuming E:\sshipon\travel-tour-client is the project root. 
[info] i  Authorizing with GitHub to upload your service account to a GitHub repository's secrets store. 
[info] 
[info] Visit this URL on this device to log in:
[info] https://github.com/login/oauth/authorize?client_id=89cf50f02ac6aaed3484&state=97006379&redirect_uri=http%3A%2F%2Flocalhost%3A9005&scope=read%3Auser%20repo%20public_repo
[info] 
[info] Waiting for authentication...
[debug] [2022-01-09T19:24:26.569Z] >>> HTTP REQUEST POST https://github.com/login/oauth/access_token  
 {"client_id":"89cf50f02ac6aaed3484","client_secret":"3330d14abc895d9a74d5f17cd7a00711fa2c5bf0","code":"d48297930e85a93c869a","redirect_uri":"http://localhost:9005","state":"97006379"}
[debug] [2022-01-09T19:24:27.524Z] <<< HTTP RESPONSE 200 {"server":"GitHub.com","date":"Sun, 09 Jan 2022 19:24:25 GMT","content-type":"application/json; charset=utf-8","transfer-encoding":"chunked","vary":"X-PJAX, X-PJAX-Container, Accept-Encoding, Accept, X-Requested-With","permissions-policy":"interest-cohort=()","etag":"W/\"58b8d8b46b14be0210509880ef5655d1\"","cache-control":"max-age=0, private, must-revalidate","strict-transport-security":"max-age=31536000; includeSubdomains; preload","x-frame-options":"deny","x-content-type-options":"nosniff","x-xss-protection":"0","referrer-policy":"origin-when-cross-origin, strict-origin-when-cross-origin","expect-ct":"max-age=2592000, report-uri=\"https://api.github.com/_private/browser/errors\"","content-security-policy":"default-src 'none'; base-uri 'self'; block-all-mixed-content; child-src github.com/assets-cdn/worker/ gist.github.com/assets-cdn/worker/; connect-src 'self' uploads.github.com objects-origin.githubusercontent.com www.githubstatus.com collector.githubapp.com api.github.com github-cloud.s3.amazonaws.com github-production-repository-file-5c1aeb.s3.amazonaws.com github-production-upload-manifest-file-7fdce7.s3.amazonaws.com github-production-user-asset-6210df.s3.amazonaws.com cdn.optimizely.com logx.optimizely.com/v1/events translator.github.com wss://alive.github.com; font-src github.githubassets.com; form-action 'self' github.com gist.github.com objects-origin.githubusercontent.com; frame-ancestors 'none'; frame-src render.githubusercontent.com viewscreen.githubusercontent.com notebooks.githubusercontent.com; img-src 'self' data: github.githubassets.com identicons.github.com collector.githubapp.com github-cloud.s3.amazonaws.com secured-user-images.githubusercontent.com/ *.githubusercontent.com; manifest-src 'self'; media-src github.com user-images.githubusercontent.com/; script-src github.githubassets.com; style-src 'unsafe-inline' github.githubassets.com; worker-src github.com/assets-cdn/worker/ gist.github.com/assets-cdn/worker/","x-github-request-id":"F7DD:4CF4:EFDD:14B827:61DB3668"}
[debug] [2022-01-09T19:24:27.528Z] >>> [apiv2][query] GET https://api.github.com/user [none]
[debug] [2022-01-09T19:24:28.061Z] <<< [apiv2][status] GET https://api.github.com/user 200
[debug] [2022-01-09T19:24:28.061Z] <<< [apiv2][body] GET https://api.github.com/user {"login":"SShipon","id":86644043,"node_id":"MDQ6VXNlcjg2NjQ0MDQz","avatar_url":"https://avatars.githubusercontent.com/u/86644043?v=4","gravatar_id":"","url":"https://api.github.com/users/SShipon","html_url":"https://github.com/SShipon","followers_url":"https://api.github.com/users/SShipon/followers","following_url":"https://api.github.com/users/SShipon/following{/other_user}","gists_url":"https://api.github.com/users/SShipon/gists{/gist_id}","starred_url":"https://api.github.com/users/SShipon/starred{/owner}{/repo}","subscriptions_url":"https://api.github.com/users/SShipon/subscriptions","organizations_url":"https://api.github.com/users/SShipon/orgs","repos_url":"https://api.github.com/users/SShipon/repos","events_url":"https://api.github.com/users/SShipon/events{/privacy}","received_events_url":"https://api.github.com/users/SShipon/received_events","type":"User","site_admin":false,"name":"SShipon","company":null,"blog":"","location":null,"email":null,"hireable":null,"bio":"Hi! I am Shipon from Bangladesh\r\n","twitter_username":null,"public_repos":60,"public_gists":0,"followers":5,"following":11,"created_at":"2021-06-29T04:38:26Z","updated_at":"2022-01-02T18:49:06Z","private_gists":0,"total_private_repos":1,"owned_private_repos":1,"disk_usage":360204,"collaborators":0,"two_factor_authentication":false,"plan":{"name":"free","space":976562499,"collaborators":0,"private_repos":10000}}
[info] 
[info] +  Success! Logged into GitHub as SShipon 
[info] 
[debug] [2022-01-09T19:24:50.759Z] >>> [apiv2][query] GET https://api.github.com/repos//actions/secrets/public-key type=owner
[debug] [2022-01-09T19:24:51.566Z] <<< [apiv2][status] GET https://api.github.com/repos//actions/secrets/public-key 404
[debug] [2022-01-09T19:24:51.566Z] <<< [apiv2][body] GET https://api.github.com/repos//actions/secrets/public-key {"message":"Not Found","documentation_url":"https://docs.github.com/rest"}
